Line 31: Class MSComCtl2.UpDown of control UpDown3 was not a loaded control class.
Line 42: Class MSComCtl2.UpDown of control UpDown2 was not a loaded control class.
Line 53: Class MSComCtl2.UpDown of control UpDown1 was not a loaded control class.
Line 287: Class MSACAL.Calendar of control Calendar1 was not a loaded control class.
Line 37: The property name _ExtentX in UpDown3 is invalid.
Line 38: The property name _ExtentY in UpDown3 is invalid.
Line 39: The property name _Version in UpDown3 is invalid.
Line 48: The property name _ExtentX in UpDown2 is invalid.
Line 49: The property name _ExtentY in UpDown2 is invalid.
Line 50: The property name _Version in UpDown2 is invalid.
Line 59: The property name _ExtentX in UpDown1 is invalid.
Line 60: The property name _ExtentY in UpDown1 is invalid.
Line 61: The property name _Version in UpDown1 is invalid.
Line 293: The property name _Version in Calendar1 is invalid.
Line 294: The property name _ExtentX in Calendar1 is invalid.
Line 295: The property name _ExtentY in Calendar1 is invalid.
Line 296: The property name _StockProps in Calendar1 is invalid.
Line 298: The property name Year in Calendar1 is invalid.
Line 299: The property name Month in Calendar1 is invalid.
Line 300: The property name Day in Calendar1 is invalid.
Line 301: The property name DayLength in Calendar1 is invalid.
Line 302: The property name MonthLength in Calendar1 is invalid.
Line 303: The property name DayFontColor in Calendar1 is invalid.
Line 304: The property name FirstDay in Calendar1 is invalid.
Line 305: The property name GridCellEffect in Calendar1 is invalid.
Line 306: The property name GridFontColor in Calendar1 is invalid.
Line 307: The property name GridLinesColor in Calendar1 is invalid.
Line 308: The property name ShowDateSelectors in Calendar1 is invalid.
Line 309: The property name ShowDays in Calendar1 is invalid.
Line 310: The property name ShowHorizontalGrid in Calendar1 is invalid.
Line 311: The property name ShowTitle in Calendar1 is invalid.
Line 312: The property name ShowVerticalGrid in Calendar1 is invalid.
Line 313: The property name TitleFontColor in Calendar1 is invalid.
Line 314: The property name ValueIsNull in Calendar1 is invalid.
Line 323: The property name DayFont in Calendar1 is invalid.
Line 332: The property name GridFont in Calendar1 is invalid.
Line 341: The property name TitleFont in Calendar1 is invalid.
